<?xml version="1.0" encoding="UTF-8"?>
<testng-results skipped="0" failed="0" ignored="0" total="1" passed="1">
  <reporter-output>
  </reporter-output>
  <suite name="Default suite" duration-ms="11031" started-at="2020-10-23T11:54:06Z" finished-at="2020-10-23T11:54:17Z">
    <groups>
    </groups>
    <test name="Default test" duration-ms="11031" started-at="2020-10-23T11:54:06Z" finished-at="2020-10-23T11:54:17Z">
      <class name="RestAssured.para_api">
        <test-method status="PASS" signature="f()[pri:0, instance:RestAssured.para_api@ff0144ef]" name="f" duration-ms="10846" started-at="2020-10-23T11:54:06Z" finished-at="2020-10-23T11:54:17Z">
          <reporter-output>
          </reporter-output>
        </test-method> <!-- f -->
      </class> <!-- RestAssured.para_api -->
    </test> <!-- Default test -->
  </suite> <!-- Default suite -->
</testng-results>
